<?xml version="1.0" encoding="UTF-8"?>
<!-- Generated by org.testng.reporters.JUnitReportReporter -->
<testsuite hostname="EPUAKHAW0472" name="com.epam.preproduction.tests.SortTest" tests="1" failures="0" timestamp="6 Nov 2013 13:59:53 GMT" time="0.167" errors="0">
  <testcase name="testSorting" time="0.167" classname="com.epam.preproduction.tests.SortTest"/>
</testsuite> <!-- com.epam.preproduction.tests.SortTest -->
